<?xml version="1.0" encoding="UTF-8"?>
<testsuite xmlns:xsi="http://www.w3.org/2001/XMLSchema-instance" xsi:noNamespaceSchemaLocation="https://maven.apache.org/surefire/maven-surefire-plugin/xsd/surefire-test-report-3.0.xsd" version="3.0" name="at.ac.fhcampuswien.fhmdb.HomeControllerTest" time="0.083" tests="6" errors="0" skipped="0" failures="0">
  <properties>
[...]
</properties>
  <testcase name="no_filter_return_all_movies" classname="at.ac.fhcampuswien.fhmdb.HomeControllerTest" time="0.048"/>
  <testcase name="sort_movies_descending" classname="at.ac.fhcampuswien.fhmdb.HomeControllerTest" time="0.002"/>
  <testcase name="filter_movies_by_title" classname="at.ac.fhcampuswien.fhmdb.HomeControllerTest" time="0.006"/>
  <testcase name="filter_movies_based_on_genre" classname="at.ac.fhcampuswien.fhmdb.HomeControllerTest" time="0.001"/>
  <testcase name="sort_movies_ascending" classname="at.ac.fhcampuswien.fhmdb.HomeControllerTest" time="0.001"/>
  <testcase name="filter_movies_based_on_query_nothing_found" classname="at.ac.fhcampuswien.fhmdb.HomeControllerTest" time="0.002"/>
</testsuite>