<?xml version="1.0" encoding="UTF-8"?>
<testsuite xmlns:xsi="http://www.w3.org/2001/XMLSchema-instance" xsi:noNamespaceSchemaLocation="https://maven.apache.org/surefire/maven-surefire-plugin/xsd/surefire-test-report-3.0.xsd" version="3.0" name="at.ac.fhcampuswien.fhmdb.MovieTest" time="0.037" tests="5" errors="0" skipped="0" failures="0">
  <properties>
[...]
</properties>
  <testcase name="initializeMoviesShouldCreateMovies" classname="at.ac.fhcampuswien.fhmdb.MovieTest" time="0.02"/>
  <testcase name="movieShouldHaveTitle" classname="at.ac.fhcampuswien.fhmdb.MovieTest" time="0.002"/>
  <testcase name="movieShouldHaveDescription" classname="at.ac.fhcampuswien.fhmdb.MovieTest" time="0.001"/>
  <testcase name="movieShouldHaveGenres" classname="at.ac.fhcampuswien.fhmdb.MovieTest" time="0.001"/>
  <testcase name="initializeMoviesShouldHaveCorrectTitles" classname="at.ac.fhcampuswien.fhmdb.MovieTest" time="0.001"/>
</testsuite>